{"@timestamp":"2024-03-25T15:34:30.276-04:00","@version":"1","message":"HV000001: Hibernate Validator 8.0.1.Final","logger_name":"org.hibernate.validator.internal.util.Version","thread_name":"background-preinit","level":"INFO","level_value":20000}
{"@timestamp":"2024-03-25T15:34:30.338-04:00","@version":"1","message":"Starting AssignmentApplication using Java 21.0.2 with PID 2344 (C:\\Users\\vijay\\OneDrive\\Desktop\\packer new branch\\Testing\\target\\classes started by vijay in C:\\Users\\vijay\\OneDrive\\Desktop\\packer new branch\\Testing)","logger_name":"cloud.assignment.AssignmentApplication","thread_name":"restartedMain","level":"INFO","level_value":20000}
{"@timestamp":"2024-03-25T15:34:30.339-04:00","@version":"1","message":"No active profile set, falling back to 1 default profile: \"default\"","logger_name":"cloud.assignment.AssignmentApplication","thread_name":"restartedMain","level":"INFO","level_value":20000}
{"@timestamp":"2024-03-25T15:34:30.414-04:00","@version":"1","message":"Devtools property defaults active! Set 'spring.devtools.add-properties' to 'false' to disable","logger_name":"org.springframework.boot.devtools.env.DevToolsPropertyDefaultsPostProcessor","thread_name":"restartedMain","level":"INFO","level_value":20000}
{"@timestamp":"2024-03-25T15:34:30.414-04:00","@version":"1","message":"For additional web related logging consider setting the 'logging.level.web' property to 'DEBUG'","logger_name":"org.springframework.boot.devtools.env.DevToolsPropertyDefaultsPostProcessor","thread_name":"restartedMain","level":"INFO","level_value":20000}
{"@timestamp":"2024-03-25T15:34:31.56-04:00","@version":"1","message":"Bootstrapping Spring Data JPA repositories in DEFAULT mode.","logger_name":"org.springframework.data.repository.config.RepositoryConfigurationDelegate","thread_name":"restartedMain","level":"INFO","level_value":20000}
{"@timestamp":"2024-03-25T15:34:31.643-04:00","@version":"1","message":"Finished Spring Data repository scanning in 72 ms. Found 1 JPA repository interface.","logger_name":"org.springframework.data.repository.config.RepositoryConfigurationDelegate","thread_name":"restartedMain","level":"INFO","level_value":20000}
{"@timestamp":"2024-03-25T15:34:32.666-04:00","@version":"1","message":"Tomcat initialized with port 8080 (http)","logger_name":"org.springframework.boot.web.embedded.tomcat.TomcatWebServer","thread_name":"restartedMain","level":"INFO","level_value":20000}
{"@timestamp":"2024-03-25T15:34:32.683-04:00","@version":"1","message":"Initializing ProtocolHandler [\"http-nio-8080\"]","logger_name":"org.apache.coyote.http11.Http11NioProtocol","thread_name":"restartedMain","level":"INFO","level_value":20000}
{"@timestamp":"2024-03-25T15:34:32.686-04:00","@version":"1","message":"Starting service [Tomcat]","logger_name":"org.apache.catalina.core.StandardService","thread_name":"restartedMain","level":"INFO","level_value":20000}
{"@timestamp":"2024-03-25T15:34:32.686-04:00","@version":"1","message":"Starting Servlet engine: [Apache Tomcat/10.1.18]","logger_name":"org.apache.catalina.core.StandardEngine","thread_name":"restartedMain","level":"INFO","level_value":20000}
{"@timestamp":"2024-03-25T15:34:33.019-04:00","@version":"1","message":"At least one JAR was scanned for TLDs yet contained no TLDs. Enable debug logging for this logger for a complete list of JARs that were scanned but no TLDs were found in them. Skipping unneeded JARs during scanning can improve startup time and JSP compilation time.","logger_name":"org.apache.jasper.servlet.TldScanner","thread_name":"restartedMain","level":"INFO","level_value":20000}
{"@timestamp":"2024-03-25T15:34:33.03-04:00","@version":"1","message":"Initializing Spring embedded WebApplicationContext","logger_name":"org.apache.catalina.core.ContainerBase.[Tomcat].[localhost].[/]","thread_name":"restartedMain","level":"INFO","level_value":20000}
{"@timestamp":"2024-03-25T15:34:33.031-04:00","@version":"1","message":"Root WebApplicationContext: initialization completed in 2616 ms","logger_name":"org.springframework.boot.web.servlet.context.ServletWebServerApplicationContext","thread_name":"restartedMain","level":"INFO","level_value":20000}
{"@timestamp":"2024-03-25T15:34:33.371-04:00","@version":"1","message":"HHH000204: Processing PersistenceUnitInfo [name: default]","logger_name":"org.hibernate.jpa.internal.util.LogHelper","thread_name":"restartedMain","level":"INFO","level_value":20000}
{"@timestamp":"2024-03-25T15:34:33.511-04:00","@version":"1","message":"HHH000412: Hibernate ORM core version 6.4.1.Final","logger_name":"org.hibernate.Version","thread_name":"restartedMain","level":"INFO","level_value":20000}
{"@timestamp":"2024-03-25T15:34:33.588-04:00","@version":"1","message":"HHH000026: Second-level cache disabled","logger_name":"org.hibernate.cache.internal.RegionFactoryInitiator","thread_name":"restartedMain","level":"INFO","level_value":20000}
{"@timestamp":"2024-03-25T15:34:34.001-04:00","@version":"1","message":"No LoadTimeWeaver setup: ignoring JPA class transformer","logger_name":"org.springframework.orm.jpa.persistenceunit.SpringPersistenceUnitInfo","thread_name":"restartedMain","level":"INFO","level_value":20000}
{"@timestamp":"2024-03-25T15:34:34.062-04:00","@version":"1","message":"HikariPool-1 - Starting...","logger_name":"com.zaxxer.hikari.HikariDataSource","thread_name":"restartedMain","level":"INFO","level_value":20000}
{"@timestamp":"2024-03-25T15:34:34.708-04:00","@version":"1","message":"HikariPool-1 - Added connection com.mysql.cj.jdbc.ConnectionImpl@1bd52cf5","logger_name":"com.zaxxer.hikari.pool.HikariPool","thread_name":"restartedMain","level":"INFO","level_value":20000}
{"@timestamp":"2024-03-25T15:34:34.711-04:00","@version":"1","message":"HikariPool-1 - Start completed.","logger_name":"com.zaxxer.hikari.HikariDataSource","thread_name":"restartedMain","level":"INFO","level_value":20000}
{"@timestamp":"2024-03-25T15:34:34.8-04:00","@version":"1","message":"HHH90000025: MySQL8Dialect does not need to be specified explicitly using 'hibernate.dialect' (remove the property setting and it will be selected by default)","logger_name":"org.hibernate.orm.deprecation","thread_name":"restartedMain","level":"WARN","level_value":30000}
{"@timestamp":"2024-03-25T15:34:34.801-04:00","@version":"1","message":"HHH90000026: MySQL8Dialect has been deprecated; use org.hibernate.dialect.MySQLDialect instead","logger_name":"org.hibernate.orm.deprecation","thread_name":"restartedMain","level":"WARN","level_value":30000}
{"@timestamp":"2024-03-25T15:34:36.788-04:00","@version":"1","message":"HHH000489: No JTA platform available (set 'hibernate.transaction.jta.platform' to enable JTA platform integration)","logger_name":"org.hibernate.engine.transaction.jta.platform.internal.JtaPlatformInitiator","thread_name":"restartedMain","level":"INFO","level_value":20000}
{"@timestamp":"2024-03-25T15:34:37.037-04:00","@version":"1","message":"Initialized JPA EntityManagerFactory for persistence unit 'default'","logger_name":"org.springframework.orm.jpa.LocalContainerEntityManagerFactoryBean","thread_name":"restartedMain","level":"INFO","level_value":20000}
{"@timestamp":"2024-03-25T15:34:37.831-04:00","@version":"1","message":"spring.jpa.open-in-view is enabled by default. Therefore, database queries may be performed during view rendering. Explicitly configure spring.jpa.open-in-view to disable this warning","logger_name":"org.springframework.boot.autoconfigure.orm.jpa.JpaBaseConfiguration$JpaWebConfiguration","thread_name":"restartedMain","level":"WARN","level_value":30000}
{"@timestamp":"2024-03-25T15:34:38.724-04:00","@version":"1","message":"Will secure any request with [org.springframework.security.web.session.DisableEncodeUrlFilter@1cb1b153, org.springframework.security.web.context.request.async.WebAsyncManagerIntegrationFilter@79a5d933, org.springframework.security.web.context.SecurityContextHolderFilter@353869ea, org.springframework.security.web.header.HeaderWriterFilter@d35bb4, org.springframework.web.filter.CorsFilter@fa4312a, org.springframework.security.web.authentication.logout.LogoutFilter@7b4899cd, org.springframework.security.web.authentication.www.BasicAuthenticationFilter@45b6682d, org.springframework.security.web.savedrequest.RequestCacheAwareFilter@7225b, org.springframework.security.web.servletapi.SecurityContextHolderAwareRequestFilter@27ec33b9, org.springframework.security.web.authentication.AnonymousAuthenticationFilter@56d5ede3, org.springframework.security.web.session.SessionManagementFilter@2a92e7bd, org.springframework.security.web.access.ExceptionTranslationFilter@4614e7d9, org.springframework.security.web.access.intercept.AuthorizationFilter@213c3463]","logger_name":"org.springframework.security.web.DefaultSecurityFilterChain","thread_name":"restartedMain","level":"INFO","level_value":20000}
{"@timestamp":"2024-03-25T15:34:39.249-04:00","@version":"1","message":"LiveReload server is running on port 35729","logger_name":"org.springframework.boot.devtools.autoconfigure.OptionalLiveReloadServer","thread_name":"restartedMain","level":"INFO","level_value":20000}
{"@timestamp":"2024-03-25T15:34:39.277-04:00","@version":"1","message":"Starting ProtocolHandler [\"http-nio-8080\"]","logger_name":"org.apache.coyote.http11.Http11NioProtocol","thread_name":"restartedMain","level":"INFO","level_value":20000}
{"@timestamp":"2024-03-25T15:34:39.571-04:00","@version":"1","message":"Tomcat started on port 8080 (http) with context path ''","logger_name":"org.springframework.boot.web.embedded.tomcat.TomcatWebServer","thread_name":"restartedMain","level":"INFO","level_value":20000}
{"@timestamp":"2024-03-25T15:34:39.602-04:00","@version":"1","message":"Started AssignmentApplication in 10.326 seconds (process running for 12.921)","logger_name":"cloud.assignment.AssignmentApplication","thread_name":"restartedMain","level":"INFO","level_value":20000}
{"@timestamp":"2024-03-25T15:34:41.785-04:00","@version":"1","message":"Initializing Spring DispatcherServlet 'dispatcherServlet'","logger_name":"org.apache.catalina.core.ContainerBase.[Tomcat].[localhost].[/]","thread_name":"http-nio-8080-exec-1","level":"INFO","level_value":20000}
{"@timestamp":"2024-03-25T15:34:41.787-04:00","@version":"1","message":"Initializing Servlet 'dispatcherServlet'","logger_name":"org.springframework.web.servlet.DispatcherServlet","thread_name":"http-nio-8080-exec-1","level":"INFO","level_value":20000}
{"@timestamp":"2024-03-25T15:34:41.79-04:00","@version":"1","message":"Completed initialization in 2 ms","logger_name":"org.springframework.web.servlet.DispatcherServlet","thread_name":"http-nio-8080-exec-1","level":"INFO","level_value":20000}
{"@timestamp":"2024-03-25T15:34:42.261-04:00","@version":"1","message":"info hit","logger_name":"cloud.assignment.controller.UserController","thread_name":"http-nio-8080-exec-1","level":"INFO","level_value":20000}
{"@timestamp":"2024-03-25T15:34:42.261-04:00","@version":"1","message":"warn hit","logger_name":"cloud.assignment.controller.UserController","thread_name":"http-nio-8080-exec-1","level":"WARN","level_value":30000}
{"@timestamp":"2024-03-25T15:34:42.261-04:00","@version":"1","message":"error hit","logger_name":"cloud.assignment.controller.UserController","thread_name":"http-nio-8080-exec-1","level":"ERROR","level_value":40000}
{"@timestamp":"2024-03-25T15:44:05.447-04:00","@version":"1","message":"Closing JPA EntityManagerFactory for persistence unit 'default'","logger_name":"org.springframework.orm.jpa.LocalContainerEntityManagerFactoryBean","thread_name":"SpringApplicationShutdownHook","level":"INFO","level_value":20000}
{"@timestamp":"2024-03-25T15:44:05.562-04:00","@version":"1","message":"HikariPool-1 - Shutdown initiated...","logger_name":"com.zaxxer.hikari.HikariDataSource","thread_name":"SpringApplicationShutdownHook","level":"INFO","level_value":20000}
{"@timestamp":"2024-03-25T15:44:05.732-04:00","@version":"1","message":"HikariPool-1 - Shutdown completed.","logger_name":"com.zaxxer.hikari.HikariDataSource","thread_name":"SpringApplicationShutdownHook","level":"INFO","level_value":20000}
{"@timestamp":"2024-03-26T00:56:39.079-04:00","@version":"1","message":"HV000001: Hibernate Validator 8.0.1.Final","logger_name":"org.hibernate.validator.internal.util.Version","thread_name":"background-preinit","level":"INFO","level_value":20000}
{"@timestamp":"2024-03-26T00:56:39.204-04:00","@version":"1","message":"Starting UserIntegrationTest using Java 17.0.8.1 with PID 15068 (started by vijay in C:\\Users\\vijay\\OneDrive\\Desktop\\packer new branch\\Testing)","logger_name":"cloud.assignment.UserIntegrationTest","thread_name":"main","level":"INFO","level_value":20000}
{"@timestamp":"2024-03-26T00:56:39.206-04:00","@version":"1","message":"No active profile set, falling back to 1 default profile: \"default\"","logger_name":"cloud.assignment.UserIntegrationTest","thread_name":"main","level":"INFO","level_value":20000}
{"@timestamp":"2024-03-26T00:56:40.912-04:00","@version":"1","message":"Bootstrapping Spring Data JPA repositories in DEFAULT mode.","logger_name":"org.springframework.data.repository.config.RepositoryConfigurationDelegate","thread_name":"main","level":"INFO","level_value":20000}
{"@timestamp":"2024-03-26T00:56:41.024-04:00","@version":"1","message":"Finished Spring Data repository scanning in 94 ms. Found 1 JPA repository interface.","logger_name":"org.springframework.data.repository.config.RepositoryConfigurationDelegate","thread_name":"main","level":"INFO","level_value":20000}
{"@timestamp":"2024-03-26T00:56:42.236-04:00","@version":"1","message":"Tomcat initialized with port 0 (http)","logger_name":"org.springframework.boot.web.embedded.tomcat.TomcatWebServer","thread_name":"main","level":"INFO","level_value":20000}
{"@timestamp":"2024-03-26T00:56:42.269-04:00","@version":"1","message":"Initializing ProtocolHandler [\"http-nio-auto-1\"]","logger_name":"org.apache.coyote.http11.Http11NioProtocol","thread_name":"main","level":"INFO","level_value":20000}
{"@timestamp":"2024-03-26T00:56:42.275-04:00","@version":"1","message":"Starting service [Tomcat]","logger_name":"org.apache.catalina.core.StandardService","thread_name":"main","level":"INFO","level_value":20000}
{"@timestamp":"2024-03-26T00:56:42.275-04:00","@version":"1","message":"Starting Servlet engine: [Apache Tomcat/10.1.18]","logger_name":"org.apache.catalina.core.StandardEngine","thread_name":"main","level":"INFO","level_value":20000}
{"@timestamp":"2024-03-26T00:56:42.68-04:00","@version":"1","message":"At least one JAR was scanned for TLDs yet contained no TLDs. Enable debug logging for this logger for a complete list of JARs that were scanned but no TLDs were found in them. Skipping unneeded JARs during scanning can improve startup time and JSP compilation time.","logger_name":"org.apache.jasper.servlet.TldScanner","thread_name":"main","level":"INFO","level_value":20000}
{"@timestamp":"2024-03-26T00:56:42.69-04:00","@version":"1","message":"Initializing Spring embedded WebApplicationContext","logger_name":"org.apache.catalina.core.ContainerBase.[Tomcat].[localhost].[/]","thread_name":"main","level":"INFO","level_value":20000}
{"@timestamp":"2024-03-26T00:56:42.692-04:00","@version":"1","message":"Root WebApplicationContext: initialization completed in 3413 ms","logger_name":"org.springframework.boot.web.servlet.context.ServletWebServerApplicationContext","thread_name":"main","level":"INFO","level_value":20000}
{"@timestamp":"2024-03-26T00:56:42.934-04:00","@version":"1","message":"HHH000204: Processing PersistenceUnitInfo [name: default]","logger_name":"org.hibernate.jpa.internal.util.LogHelper","thread_name":"main","level":"INFO","level_value":20000}
{"@timestamp":"2024-03-26T00:56:43.042-04:00","@version":"1","message":"HHH000412: Hibernate ORM core version 6.4.1.Final","logger_name":"org.hibernate.Version","thread_name":"main","level":"INFO","level_value":20000}
{"@timestamp":"2024-03-26T00:56:43.1-04:00","@version":"1","message":"HHH000026: Second-level cache disabled","logger_name":"org.hibernate.cache.internal.RegionFactoryInitiator","thread_name":"main","level":"INFO","level_value":20000}
{"@timestamp":"2024-03-26T00:56:43.479-04:00","@version":"1","message":"No LoadTimeWeaver setup: ignoring JPA class transformer","logger_name":"org.springframework.orm.jpa.persistenceunit.SpringPersistenceUnitInfo","thread_name":"main","level":"INFO","level_value":20000}
{"@timestamp":"2024-03-26T00:56:43.528-04:00","@version":"1","message":"HikariPool-1 - Starting...","logger_name":"com.zaxxer.hikari.HikariDataSource","thread_name":"main","level":"INFO","level_value":20000}
{"@timestamp":"2024-03-26T00:56:44.166-04:00","@version":"1","message":"HikariPool-1 - Added connection com.mysql.cj.jdbc.ConnectionImpl@4258106","logger_name":"com.zaxxer.hikari.pool.HikariPool","thread_name":"main","level":"INFO","level_value":20000}
{"@timestamp":"2024-03-26T00:56:44.169-04:00","@version":"1","message":"HikariPool-1 - Start completed.","logger_name":"com.zaxxer.hikari.HikariDataSource","thread_name":"main","level":"INFO","level_value":20000}
{"@timestamp":"2024-03-26T00:56:44.267-04:00","@version":"1","message":"HHH90000025: MySQL8Dialect does not need to be specified explicitly using 'hibernate.dialect' (remove the property setting and it will be selected by default)","logger_name":"org.hibernate.orm.deprecation","thread_name":"main","level":"WARN","level_value":30000}
{"@timestamp":"2024-03-26T00:56:44.269-04:00","@version":"1","message":"HHH90000026: MySQL8Dialect has been deprecated; use org.hibernate.dialect.MySQLDialect instead","logger_name":"org.hibernate.orm.deprecation","thread_name":"main","level":"WARN","level_value":30000}
{"@timestamp":"2024-03-26T00:56:45.85-04:00","@version":"1","message":"HHH000489: No JTA platform available (set 'hibernate.transaction.jta.platform' to enable JTA platform integration)","logger_name":"org.hibernate.engine.transaction.jta.platform.internal.JtaPlatformInitiator","thread_name":"main","level":"INFO","level_value":20000}
{"@timestamp":"2024-03-26T00:56:46.225-04:00","@version":"1","message":"Initialized JPA EntityManagerFactory for persistence unit 'default'","logger_name":"org.springframework.orm.jpa.LocalContainerEntityManagerFactoryBean","thread_name":"main","level":"INFO","level_value":20000}
{"@timestamp":"2024-03-26T00:56:46.914-04:00","@version":"1","message":"spring.jpa.open-in-view is enabled by default. Therefore, database queries may be performed during view rendering. Explicitly configure spring.jpa.open-in-view to disable this warning","logger_name":"org.springframework.boot.autoconfigure.orm.jpa.JpaBaseConfiguration$JpaWebConfiguration","thread_name":"main","level":"WARN","level_value":30000}
{"@timestamp":"2024-03-26T00:56:47.069-04:00","@version":"1","message":"Will secure any request with [org.springframework.security.web.session.DisableEncodeUrlFilter@5529fd4e, org.springframework.security.web.context.request.async.WebAsyncManagerIntegrationFilter@5eaa6f76, org.springframework.security.web.context.SecurityContextHolderFilter@6d21a69f, org.springframework.security.web.header.HeaderWriterFilter@5cc28282, org.springframework.security.web.authentication.logout.LogoutFilter@72fc6b5e, org.springframework.security.web.authentication.www.BasicAuthenticationFilter@7712c315, org.springframework.security.web.savedrequest.RequestCacheAwareFilter@48e859f7, org.springframework.security.web.servletapi.SecurityContextHolderAwareRequestFilter@52b2c255, org.springframework.security.web.authentication.AnonymousAuthenticationFilter@3fc105dd, org.springframework.security.web.session.SessionManagementFilter@cfb462, org.springframework.security.web.access.ExceptionTranslationFilter@7fd624f5, org.springframework.security.web.access.intercept.AuthorizationFilter@3678f32e]","logger_name":"org.springframework.security.web.DefaultSecurityFilterChain","thread_name":"main","level":"INFO","level_value":20000}
{"@timestamp":"2024-03-26T00:56:47.674-04:00","@version":"1","message":"Starting ProtocolHandler [\"http-nio-auto-1\"]","logger_name":"org.apache.coyote.http11.Http11NioProtocol","thread_name":"main","level":"INFO","level_value":20000}
{"@timestamp":"2024-03-26T00:56:47.726-04:00","@version":"1","message":"Tomcat started on port 61897 (http) with context path ''","logger_name":"org.springframework.boot.web.embedded.tomcat.TomcatWebServer","thread_name":"main","level":"INFO","level_value":20000}
{"@timestamp":"2024-03-26T00:56:47.736-04:00","@version":"1","message":"Started UserIntegrationTest in 9.62 seconds (process running for 11.909)","logger_name":"cloud.assignment.UserIntegrationTest","thread_name":"main","level":"INFO","level_value":20000}
{"@timestamp":"2024-03-26T00:56:48.518-04:00","@version":"1","message":"Initializing Spring DispatcherServlet 'dispatcherServlet'","logger_name":"org.apache.catalina.core.ContainerBase.[Tomcat].[localhost].[/]","thread_name":"http-nio-auto-1-exec-1","level":"INFO","level_value":20000}
{"@timestamp":"2024-03-26T00:56:48.518-04:00","@version":"1","message":"Initializing Servlet 'dispatcherServlet'","logger_name":"org.springframework.web.servlet.DispatcherServlet","thread_name":"http-nio-auto-1-exec-1","level":"INFO","level_value":20000}
{"@timestamp":"2024-03-26T00:56:48.52-04:00","@version":"1","message":"Completed initialization in 2 ms","logger_name":"org.springframework.web.servlet.DispatcherServlet","thread_name":"http-nio-auto-1-exec-1","level":"INFO","level_value":20000}
{"@timestamp":"2024-03-26T00:56:48.623-04:00","@version":"1","message":"info hit","logger_name":"cloud.assignment.controller.UserController","thread_name":"http-nio-auto-1-exec-1","level":"INFO","level_value":20000}
{"@timestamp":"2024-03-26T00:56:48.623-04:00","@version":"1","message":"warn hit","logger_name":"cloud.assignment.controller.UserController","thread_name":"http-nio-auto-1-exec-1","level":"WARN","level_value":30000}
{"@timestamp":"2024-03-26T00:56:48.624-04:00","@version":"1","message":"error hit","logger_name":"cloud.assignment.controller.UserController","thread_name":"http-nio-auto-1-exec-1","level":"ERROR","level_value":40000}
{"@timestamp":"2024-03-26T00:56:49.608-04:00","@version":"1","message":"Closing JPA EntityManagerFactory for persistence unit 'default'","logger_name":"org.springframework.orm.jpa.LocalContainerEntityManagerFactoryBean","thread_name":"SpringApplicationShutdownHook","level":"INFO","level_value":20000}
{"@timestamp":"2024-03-26T00:56:49.61-04:00","@version":"1","message":"HikariPool-1 - Shutdown initiated...","logger_name":"com.zaxxer.hikari.HikariDataSource","thread_name":"SpringApplicationShutdownHook","level":"INFO","level_value":20000}
{"@timestamp":"2024-03-26T00:56:49.621-04:00","@version":"1","message":"HikariPool-1 - Shutdown completed.","logger_name":"com.zaxxer.hikari.HikariDataSource","thread_name":"SpringApplicationShutdownHook","level":"INFO","level_value":20000}
